<?xml version="1.0" encoding="UTF-8" ?>
<testsuite tests="7" failures="0" name="com.bigvikinggames.circuitchecker.model.TileTest" time="0.002" errors="0" skipped="0">
  <properties>
[...]
</properties>
  <testcase classname="com.bigvikinggames.circuitchecker.model.TileTest" name="testConvertDirectionsToValues" time="0"/>
  <testcase classname="com.bigvikinggames.circuitchecker.model.TileTest" name="testConvertValuesToDirections" time="0.001"/>
  <testcase classname="com.bigvikinggames.circuitchecker.model.TileTest" name="testFromBytes" time="0"/>
  <testcase classname="com.bigvikinggames.circuitchecker.model.TileTest" name="testConvertDirectionsRoundTrip" time="0"/>
  <testcase classname="com.bigvikinggames.circuitchecker.model.TileTest" name="testEquals" time="0"/>
  <testcase classname="com.bigvikinggames.circuitchecker.model.TileTest" name="testTileRoundTrip" time="0.001"/>
  <testcase classname="com.bigvikinggames.circuitchecker.model.TileTest" name="testToBits" time="0"/>
</testsuite>